[debug] [2023-03-19T06:22:36.513Z] ----------------------------------------------------------------------
[debug] [2023-03-19T06:22:36.514Z] Command:       /opt/homebrew/Cellar/node/19.4.0_1/bin/node /opt/homebrew/bin/firebase deploy --only hosting:mbao-zetu
[debug] [2023-03-19T06:22:36.515Z] CLI Version:   11.23.1
[debug] [2023-03-19T06:22:36.515Z] Platform:      darwin
[debug] [2023-03-19T06:22:36.515Z] Node Version:  v19.4.0
[debug] [2023-03-19T06:22:36.515Z] Time:          Sun Mar 19 2023 09:22:36 GMT+0300 (East Africa Time)
[debug] [2023-03-19T06:22:36.515Z] ----------------------------------------------------------------------
[debug] 
[debug] [2023-03-19T06:22:36.548Z] > command requires scopes: ["email","openid","https://www.googleapis.com/auth/cloudplatformprojects.readonly","https://www.googleapis.com/auth/firebase","https://www.googleapis.com/auth/cloud-platform"]
[debug] [2023-03-19T06:22:36.549Z] > authorizing via signed-in user (paulchesa1@gmail.com)
[debug] [2023-03-19T06:22:36.549Z] [iam] checking project mbao-zetu for permissions ["firebase.projects.get","firebasehosting.sites.update"]
[debug] [2023-03-19T06:22:36.549Z] > refreshing access token with scopes: []
[debug] [2023-03-19T06:22:36.550Z] >>> [apiv2][query] POST https://www.googleapis.com/oauth2/v3/token [none]
[debug] [2023-03-19T06:22:36.550Z] >>> [apiv2][body] POST https://www.googleapis.com/oauth2/v3/token [omitted]
[debug] [2023-03-19T06:22:37.030Z] <<< [apiv2][status] POST https://www.googleapis.com/oauth2/v3/token 200
[debug] [2023-03-19T06:22:37.030Z] <<< [apiv2][body] POST https://www.googleapis.com/oauth2/v3/token [omitted]
[debug] [2023-03-19T06:22:37.043Z] >>> [apiv2][query] POST https://cloudresourcemanager.googleapis.com/v1/projects/mbao-zetu:testIamPermissions [none]
[debug] [2023-03-19T06:22:37.044Z] >>> [apiv2][(partial)header] POST https://cloudresourcemanager.googleapis.com/v1/projects/mbao-zetu:testIamPermissions x-goog-quota-user=projects/mbao-zetu
[debug] [2023-03-19T06:22:37.044Z] >>> [apiv2][body] POST https://cloudresourcemanager.googleapis.com/v1/projects/mbao-zetu:testIamPermissions {"permissions":["firebase.projects.get","firebasehosting.sites.update"]}
[debug] [2023-03-19T06:22:38.784Z] <<< [apiv2][status] POST https://cloudresourcemanager.googleapis.com/v1/projects/mbao-zetu:testIamPermissions 200
[debug] [2023-03-19T06:22:38.785Z] <<< [apiv2][body] POST https://cloudresourcemanager.googleapis.com/v1/projects/mbao-zetu:testIamPermissions {"permissions":["firebase.projects.get","firebasehosting.sites.update"]}
[debug] [2023-03-19T06:22:38.786Z] >>> [apiv2][query] GET https://firebase.googleapis.com/v1beta1/projects/mbao-zetu [none]
